

Started GET "/editor/webpages/1/edit" for 127.0.0.1 at Sat May 07 18:14:19 -0400 2011
  Processing by WebpagesController#edit as HTML
  Parameters: {"id"=>"1"}
  [1m[35mWebpage Load (0.5ms)[0m  SELECT `webpages`.* FROM `webpages` WHERE (page_alias NOT IN ('about','contact') AND is_root != 1 AND enabled = 1)
  [1m[36mUser Load (0.3ms)[0m  [1mSELECT `users`.* FROM `users` WHERE (`users`.`id` = 1) LIMIT 1[0m
  [1m[35mCACHE (0.0ms)[0m  SELECT `users`.* FROM `users` WHERE (`users`.`id` = 1) LIMIT 1
  [1m[36mSQL (0.1ms)[0m  [1mBEGIN[0m
  [1m[35mSQL (0.2ms)[0m  UPDATE `users` SET `last_request_at` = '2011-05-07 22:14:20', `perishable_token` = 'vncnfnNlojX-z3-LDTIe' WHERE (`users`.`id` = 1)
  [1m[36mSQL (4.2ms)[0m  [1mCOMMIT[0m
  [1m[35mWebpage Load (0.3ms)[0m  SELECT `webpages`.* FROM `webpages`
  [1m[36mSubpage Load (0.5ms)[0m  [1mSELECT `subpages`.* FROM `subpages`[0m
  [1m[35mImage Load (0.4ms)[0m  SELECT `images`.* FROM `images`
  [1m[36mWebpage Load (0.2ms)[0m  [1mSELECT `webpages`.* FROM `webpages` WHERE (`webpages`.`id` = 1) LIMIT 1[0m
  [1m[35mImage Load (0.4ms)[0m  SELECT `images`.* FROM `images` WHERE (`images`.attachable_id = 1 AND `images`.attachable_type = 'Webpage')
Rendered images/_image_field.html.haml (2.5ms)
  [1m[36mWidget Load (0.4ms)[0m  [1mSELECT `widgets`.* FROM `widgets` WHERE (`widgets`.gadget_id = 1 AND `widgets`.gadget_type = 'Webpage')[0m
Rendered widgets/_widget_field.html.haml (3.7ms)
Rendered shared/_template_help.html.haml (2.8ms)
Rendered webpages/_form.html.haml (42.8ms)
DEPRECATION WARNING: - style block helpers are deprecated. Please use =. (called from _app_views_webpages_edit_html_haml__838490037_85772360_0 at /var/www/vhosts/toq/httpdocs/app/views/webpages/edit.html.haml:4)
  [1m[35mUser Load (0.3ms)[0m  SELECT `users`.* FROM `users` WHERE (`users`.`id` = 1) LIMIT 1
Rendered shared/_page_status.html.haml (3.5ms)
  [1m[36mImage Load (0.2ms)[0m  [1mSELECT id FROM `images` WHERE (`images`.`attachable_id` = 1)[0m
  [1m[35mWidget Load (2.2ms)[0m  SELECT `widgets`.* FROM `widgets` WHERE (`widgets`.gadget_id = 1 AND `widgets`.gadget_type = 'Webpage') AND (`widgets`.`widget` = 10) AND (`widgets`.`enabled` = 1) LIMIT 1
  [1m[36mCACHE (0.0ms)[0m  [1mSELECT `widgets`.* FROM `widgets` WHERE (`widgets`.gadget_id = 1 AND `widgets`.gadget_type = 'Webpage') AND (`widgets`.`widget` = 10) AND (`widgets`.`enabled` = 1) LIMIT 1[0m
  [1m[35mCACHE (0.0ms)[0m  SELECT `widgets`.* FROM `widgets` WHERE (`widgets`.gadget_id = 1 AND `widgets`.gadget_type = 'Webpage') AND (`widgets`.`widget` = 10) AND (`widgets`.`enabled` = 1) LIMIT 1
  [1m[36mCACHE (0.0ms)[0m  [1mSELECT `widgets`.* FROM `widgets` WHERE (`widgets`.gadget_id = 1 AND `widgets`.gadget_type = 'Webpage') AND (`widgets`.`widget` = 10) AND (`widgets`.`enabled` = 1) LIMIT 1[0m
Rendered images/_image_edit.html.haml (137.6ms)
Rendered widgets/_image_group.html.haml (152.0ms)
  [1m[35mCACHE (0.0ms)[0m  SELECT `widgets`.* FROM `widgets` WHERE (`widgets`.gadget_id = 1 AND `widgets`.gadget_type = 'Webpage') AND (`widgets`.`widget` = 10) AND (`widgets`.`enabled` = 1) LIMIT 1
Rendered images/_slideshow_edit.html.haml (166.6ms)
  [1m[36mWidget Load (0.4ms)[0m  [1mSELECT `widgets`.* FROM `widgets` WHERE (`widgets`.gadget_id = 1 AND `widgets`.gadget_type = 'Webpage') AND (widget NOT IN (70,10) AND enabled IN (1,0)) ORDER BY position[0m
  [1m[35mSubpage Load (0.6ms)[0m  SELECT `subpages`.* FROM `subpages` WHERE (`subpages`.`id` = 4) LIMIT 1
  [1m[36mCACHE (0.0ms)[0m  [1mSELECT `subpages`.* FROM `subpages` WHERE (`subpages`.`id` = 4) LIMIT 1[0m
  [1m[35mImage Load (1.6ms)[0m  SELECT `images`.* FROM `images` WHERE (`images`.attachable_id = 4 AND `images`.attachable_type = 'Subpage')
  [1m[36mCACHE (0.0ms)[0m  [1mSELECT `subpages`.* FROM `subpages` WHERE (`subpages`.`id` = 4) LIMIT 1[0m
  [1m[35mImage Load (0.3ms)[0m  SELECT `images`.* FROM `images` WHERE (`images`.attachable_id = 4 AND `images`.attachable_type = 'Subpage') AND (`images`.`enabled` = 1) ORDER BY position LIMIT 1
  [1m[36mCACHE (0.0ms)[0m  [1mSELECT `subpages`.* FROM `subpages` WHERE (`subpages`.`id` = 4) LIMIT 1[0m
  [1m[35mCACHE (0.0ms)[0m  SELECT `images`.* FROM `images` WHERE (`images`.attachable_id = 4 AND `images`.attachable_type = 'Subpage')
  [1m[36mCACHE (0.0ms)[0m  [1mSELECT `subpages`.* FROM `subpages` WHERE (`subpages`.`id` = 4) LIMIT 1[0m
Rendered widgets/_featured_page.html.haml (15.0ms)
Rendered widgets/_calculator.html.haml (1.1ms)
Rendered widgets/_edit_widget.html.haml (27.6ms)
Rendered widgets/_page_widgets.html.haml (31.0ms)
DEPRECATION WARNING: - style block helpers are deprecated. Please use =. (called from _app_views_layouts_editor_html_haml___234302683_85771060_0 at /var/www/vhosts/toq/httpdocs/app/views/layouts/editor.html.haml:9)
  [1m[35mSubpage Load (0.4ms)[0m  SELECT `subpages`.* FROM `subpages` WHERE (`subpages`.webpage_id = 1)
  [1m[36mSubpage Load (0.2ms)[0m  [1mSELECT `subpages`.* FROM `subpages` WHERE (`subpages`.webpage_id = 2)[0m
  [1m[35mSubpage Load (0.2ms)[0m  SELECT `subpages`.* FROM `subpages` WHERE (`subpages`.webpage_id = 3)
  [1m[36mSubpage Load (0.3ms)[0m  [1mSELECT `subpages`.* FROM `subpages` WHERE (`subpages`.webpage_id = 4)[0m
  [1m[35mSubpage Load (0.2ms)[0m  SELECT `subpages`.* FROM `subpages` WHERE (`subpages`.webpage_id = 5)
  [1m[36mSubpage Load (0.3ms)[0m  [1mSELECT `subpages`.* FROM `subpages` WHERE (`subpages`.webpage_id = 6)[0m
Rendered webpages/edit.html.haml within layouts/editor (276.0ms)
Completed 200 OK in 457ms (Views: 271.4ms | ActiveRecord: 14.8ms)


Started POST "/images/4/update_status" for 127.0.0.1 at Sat May 07 18:14:31 -0400 2011
  Processing by ImagesController#update_status as JS
  Parameters: {"enable"=>"false", "id"=>"4", "_"=>""}
  [1m[35mImage Load (0.5ms)[0m  SELECT `images`.* FROM `images` WHERE (`images`.`id` = 4) LIMIT 1
  [1m[36mWebpage Load (0.3ms)[0m  [1mSELECT `webpages`.* FROM `webpages` WHERE (`webpages`.`id` = 1) LIMIT 1[0m
  [1m[35mSQL (0.1ms)[0m  BEGIN
  [1m[36mSQL (0.3ms)[0m  [1mUPDATE `images` SET `enabled` = 0, `updated_at` = '2011-05-07 22:14:31' WHERE (`images`.`id` = 4)[0m
[paperclip] Saving attachments.
  [1m[35mSQL (20.5ms)[0m  COMMIT
  [1m[36mImage Load (0.3ms)[0m  [1mSELECT id FROM `images` WHERE (`images`.`attachable_id` = 1)[0m
  [1m[35mWidget Load (0.4ms)[0m  SELECT `widgets`.* FROM `widgets` WHERE (`widgets`.gadget_id = 1 AND `widgets`.gadget_type = 'Webpage') AND (`widgets`.`widget` = 10) AND (`widgets`.`enabled` = 1) LIMIT 1
  [1m[36mCACHE (0.1ms)[0m  [1mSELECT `widgets`.* FROM `widgets` WHERE (`widgets`.gadget_id = 1 AND `widgets`.gadget_type = 'Webpage') AND (`widgets`.`widget` = 10) AND (`widgets`.`enabled` = 1) LIMIT 1[0m
  [1m[35mCACHE (0.0ms)[0m  SELECT `widgets`.* FROM `widgets` WHERE (`widgets`.gadget_id = 1 AND `widgets`.gadget_type = 'Webpage') AND (`widgets`.`widget` = 10) AND (`widgets`.`enabled` = 1) LIMIT 1
  [1m[36mCACHE (0.0ms)[0m  [1mSELECT `widgets`.* FROM `widgets` WHERE (`widgets`.gadget_id = 1 AND `widgets`.gadget_type = 'Webpage') AND (`widgets`.`widget` = 10) AND (`widgets`.`enabled` = 1) LIMIT 1[0m
  [1m[35mImage Load (0.3ms)[0m  SELECT `images`.* FROM `images` WHERE (`images`.attachable_id = 1 AND `images`.attachable_type = 'Webpage')
Rendered images/_image_edit.html.haml (12.0ms)
Rendered widgets/_image_group.html.haml (29.8ms)
  [1m[36mCACHE (0.0ms)[0m  [1mSELECT `widgets`.* FROM `widgets` WHERE (`widgets`.gadget_id = 1 AND `widgets`.gadget_type = 'Webpage') AND (`widgets`.`widget` = 10) AND (`widgets`.`enabled` = 1) LIMIT 1[0m
Rendered images/_slideshow_edit.html.haml (54.3ms)
Completed 200 OK in 108ms (Views: 55.0ms | ActiveRecord: 22.8ms)


Started POST "/images/4/update_status" for 127.0.0.1 at Sat May 07 18:14:35 -0400 2011
  Processing by ImagesController#update_status as JS
  Parameters: {"enable"=>"true", "id"=>"4", "_"=>""}
  [1m[35mImage Load (0.3ms)[0m  SELECT `images`.* FROM `images` WHERE (`images`.`id` = 4) LIMIT 1
  [1m[36mWebpage Load (0.3ms)[0m  [1mSELECT `webpages`.* FROM `webpages` WHERE (`webpages`.`id` = 1) LIMIT 1[0m
  [1m[35mSQL (0.1ms)[0m  BEGIN
  [1m[36mSQL (0.2ms)[0m  [1mUPDATE `images` SET `enabled` = 1, `updated_at` = '2011-05-07 22:14:35' WHERE (`images`.`id` = 4)[0m
[paperclip] Saving attachments.
  [1m[35mSQL (20.0ms)[0m  COMMIT
  [1m[36mImage Load (4.0ms)[0m  [1mSELECT id FROM `images` WHERE (`images`.`attachable_id` = 1)[0m
  [1m[35mWidget Load (0.3ms)[0m  SELECT `widgets`.* FROM `widgets` WHERE (`widgets`.gadget_id = 1 AND `widgets`.gadget_type = 'Webpage') AND (`widgets`.`widget` = 10) AND (`widgets`.`enabled` = 1) LIMIT 1
  [1m[36mCACHE (0.0ms)[0m  [1mSELECT `widgets`.* FROM `widgets` WHERE (`widgets`.gadget_id = 1 AND `widgets`.gadget_type = 'Webpage') AND (`widgets`.`widget` = 10) AND (`widgets`.`enabled` = 1) LIMIT 1[0m
  [1m[35mCACHE (0.0ms)[0m  SELECT `widgets`.* FROM `widgets` WHERE (`widgets`.gadget_id = 1 AND `widgets`.gadget_type = 'Webpage') AND (`widgets`.`widget` = 10) AND (`widgets`.`enabled` = 1) LIMIT 1
  [1m[36mCACHE (0.0ms)[0m  [1mSELECT `widgets`.* FROM `widgets` WHERE (`widgets`.gadget_id = 1 AND `widgets`.gadget_type = 'Webpage') AND (`widgets`.`widget` = 10) AND (`widgets`.`enabled` = 1) LIMIT 1[0m
  [1m[35mImage Load (1.8ms)[0m  SELECT `images`.* FROM `images` WHERE (`images`.attachable_id = 1 AND `images`.attachable_type = 'Webpage')
Rendered images/_image_edit.html.haml (11.2ms)
Rendered widgets/_image_group.html.haml (26.9ms)
  [1m[36mCACHE (0.0ms)[0m  [1mSELECT `widgets`.* FROM `widgets` WHERE (`widgets`.gadget_id = 1 AND `widgets`.gadget_type = 'Webpage') AND (`widgets`.`widget` = 10) AND (`widgets`.`enabled` = 1) LIMIT 1[0m
Rendered images/_slideshow_edit.html.haml (55.1ms)
Completed 200 OK in 112ms (Views: 50.7ms | ActiveRecord: 27.2ms)


Started POST "/widgets/7/update_status" for 127.0.0.1 at Sat May 07 18:14:37 -0400 2011
  Processing by WidgetsController#update_status as JS
  Parameters: {"enable"=>"false", "id"=>"7", "_"=>""}
  [1m[35mWidget Load (0.3ms)[0m  SELECT `widgets`.* FROM `widgets` WHERE (`widgets`.`id` = 7) LIMIT 1
  [1m[36mWebpage Load (0.3ms)[0m  [1mSELECT `webpages`.* FROM `webpages` WHERE (`webpages`.`id` = 1) LIMIT 1[0m
  [1m[35mSQL (0.1ms)[0m  BEGIN
  [1m[36mSQL (0.3ms)[0m  [1mUPDATE `widgets` SET `enabled` = 0, `updated_at` = '2011-05-07 22:14:37' WHERE (`widgets`.`id` = 7)[0m
  [1m[35mSQL (30.2ms)[0m  COMMIT
  [1m[36mWidget Load (0.8ms)[0m  [1mSELECT `widgets`.* FROM `widgets` WHERE (`widgets`.gadget_id = 1 AND `widgets`.gadget_type = 'Webpage') AND (widget NOT IN (70,10) AND enabled IN (1,0)) ORDER BY position[0m
  [1m[35mSubpage Load (0.4ms)[0m  SELECT `subpages`.* FROM `subpages` WHERE (`subpages`.`id` = 4) LIMIT 1
  [1m[36mCACHE (0.0ms)[0m  [1mSELECT `subpages`.* FROM `subpages` WHERE (`subpages`.`id` = 4) LIMIT 1[0m
  [1m[35mImage Load (0.3ms)[0m  SELECT `images`.* FROM `images` WHERE (`images`.attachable_id = 4 AND `images`.attachable_type = 'Subpage')
  [1m[36mCACHE (0.0ms)[0m  [1mSELECT `subpages`.* FROM `subpages` WHERE (`subpages`.`id` = 4) LIMIT 1[0m
  [1m[35mImage Load (0.3ms)[0m  SELECT `images`.* FROM `images` WHERE (`images`.attachable_id = 4 AND `images`.attachable_type = 'Subpage') AND (`images`.`enabled` = 1) ORDER BY position LIMIT 1
  [1m[36mCACHE (0.0ms)[0m  [1mSELECT `subpages`.* FROM `subpages` WHERE (`subpages`.`id` = 4) LIMIT 1[0m
  [1m[35mCACHE (0.0ms)[0m  SELECT `images`.* FROM `images` WHERE (`images`.attachable_id = 4 AND `images`.attachable_type = 'Subpage')
  [1m[36mCACHE (0.0ms)[0m  [1mSELECT `subpages`.* FROM `subpages` WHERE (`subpages`.`id` = 4) LIMIT 1[0m
Rendered widgets/_featured_page.html.haml (38.3ms)
Rendered widgets/_calculator.html.haml (1.3ms)
Rendered widgets/_edit_widget.html.haml (46.7ms)
Rendered widgets/_page_widgets.html.haml (57.5ms)
Completed 200 OK in 197ms (Views: 57.4ms | ActiveRecord: 33.0ms)


Started POST "/widgets/7/update_status" for 127.0.0.1 at Sat May 07 18:14:41 -0400 2011
  Processing by WidgetsController#update_status as JS
  Parameters: {"enable"=>"true", "id"=>"7", "_"=>""}
  [1m[35mWidget Load (0.3ms)[0m  SELECT `widgets`.* FROM `widgets` WHERE (`widgets`.`id` = 7) LIMIT 1
  [1m[36mWebpage Load (0.3ms)[0m  [1mSELECT `webpages`.* FROM `webpages` WHERE (`webpages`.`id` = 1) LIMIT 1[0m
  [1m[35mSQL (0.1ms)[0m  BEGIN
  [1m[36mSQL (0.3ms)[0m  [1mUPDATE `widgets` SET `enabled` = 1, `updated_at` = '2011-05-07 22:14:41' WHERE (`widgets`.`id` = 7)[0m
  [1m[35mSQL (34.2ms)[0m  COMMIT
  [1m[36mWidget Load (0.5ms)[0m  [1mSELECT `widgets`.* FROM `widgets` WHERE (`widgets`.gadget_id = 1 AND `widgets`.gadget_type = 'Webpage') AND (widget NOT IN (70,10) AND enabled IN (1,0)) ORDER BY position[0m
  [1m[35mSubpage Load (0.4ms)[0m  SELECT `subpages`.* FROM `subpages` WHERE (`subpages`.`id` = 4) LIMIT 1
  [1m[36mCACHE (0.0ms)[0m  [1mSELECT `subpages`.* FROM `subpages` WHERE (`subpages`.`id` = 4) LIMIT 1[0m
  [1m[35mImage Load (0.4ms)[0m  SELECT `images`.* FROM `images` WHERE (`images`.attachable_id = 4 AND `images`.attachable_type = 'Subpage')
  [1m[36mCACHE (0.0ms)[0m  [1mSELECT `subpages`.* FROM `subpages` WHERE (`subpages`.`id` = 4) LIMIT 1[0m
  [1m[35mImage Load (0.3ms)[0m  SELECT `images`.* FROM `images` WHERE (`images`.attachable_id = 4 AND `images`.attachable_type = 'Subpage') AND (`images`.`enabled` = 1) ORDER BY position LIMIT 1
  [1m[36mCACHE (1.4ms)[0m  [1mSELECT `subpages`.* FROM `subpages` WHERE (`subpages`.`id` = 4) LIMIT 1[0m
  [1m[35mCACHE (0.0ms)[0m  SELECT `images`.* FROM `images` WHERE (`images`.attachable_id = 4 AND `images`.attachable_type = 'Subpage')
  [1m[36mCACHE (0.0ms)[0m  [1mSELECT `subpages`.* FROM `subpages` WHERE (`subpages`.`id` = 4) LIMIT 1[0m
Rendered widgets/_featured_page.html.haml (128.3ms)
Rendered widgets/_calculator.html.haml (1.0ms)
Rendered widgets/_edit_widget.html.haml (136.5ms)
Rendered widgets/_page_widgets.html.haml (148.7ms)
Completed 200 OK in 220ms (Views: 147.2ms | ActiveRecord: 38.4ms)


Started POST "/widgets" for 127.0.0.1 at Sat May 07 18:14:47 -0400 2011
  Processing by WidgetsController#create as JS
  Parameters: {"type"=>"Webpage", "widget"=>"0", "_"=>"", "object_id"=>"1"}
  [1m[35mWebpage Load (0.3ms)[0m  SELECT `webpages`.* FROM `webpages` WHERE (`webpages`.`id` = 1) LIMIT 1
  [1m[36mWidget Load (0.3ms)[0m  [1mSELECT `widgets`.* FROM `widgets` WHERE (`widgets`.`gadget_type` = 'Webpage') AND (`widgets`.`widget` IN (10, 70)) AND (`widgets`.`gadget_id` = 1) LIMIT 1[0m
  [1m[35mSQL (0.1ms)[0m  BEGIN
  [1m[36mSQL (0.3ms)[0m  [1mDELETE FROM `widgets` WHERE (`widgets`.`id` = 1)[0m
  [1m[35mSQL (26.4ms)[0m  COMMIT
  [1m[36mWebpage Load (2.0ms)[0m  [1mSELECT `webpages`.* FROM `webpages` WHERE (`webpages`.`id` = 1) LIMIT 1[0m
  [1m[35mImage Load (0.3ms)[0m  SELECT id FROM `images` WHERE (`images`.`attachable_id` = 1)
  [1m[36mWidget Load (0.2ms)[0m  [1mSELECT `widgets`.* FROM `widgets` WHERE (`widgets`.gadget_id = 1 AND `widgets`.gadget_type = 'Webpage') AND (`widgets`.`widget` = 10) AND (`widgets`.`enabled` = 1) LIMIT 1[0m
  [1m[35mWidget Load (0.2ms)[0m  SELECT `widgets`.* FROM `widgets` WHERE (`widgets`.gadget_id = 1 AND `widgets`.gadget_type = 'Webpage') AND (`widgets`.`widget` = 70) AND (`widgets`.`enabled` = 1) LIMIT 1
  [1m[36mImage Load (0.2ms)[0m  [1mSELECT `images`.* FROM `images` WHERE (`images`.attachable_id = 1 AND `images`.attachable_type = 'Webpage')[0m
Rendered images/_image_edit.html.haml (13.3ms)
  [1m[35mCACHE (0.0ms)[0m  SELECT `widgets`.* FROM `widgets` WHERE (`widgets`.gadget_id = 1 AND `widgets`.gadget_type = 'Webpage') AND (`widgets`.`widget` = 10) AND (`widgets`.`enabled` = 1) LIMIT 1
  [1m[36mCACHE (0.0ms)[0m  [1mSELECT `widgets`.* FROM `widgets` WHERE (`widgets`.gadget_id = 1 AND `widgets`.gadget_type = 'Webpage') AND (`widgets`.`widget` = 70) AND (`widgets`.`enabled` = 1) LIMIT 1[0m
Rendered images/_slideshow_edit.html.haml (45.3ms)
Completed 200 OK in 111ms (Views: 46.0ms | ActiveRecord: 30.5ms)


Started POST "/images/1/update_status" for 127.0.0.1 at Sat May 07 18:14:49 -0400 2011
  Processing by ImagesController#update_status as JS
  Parameters: {"enable"=>"false", "id"=>"1", "_"=>""}
  [1m[35mImage Load (0.3ms)[0m  SELECT `images`.* FROM `images` WHERE (`images`.`id` = 1) LIMIT 1
  [1m[36mWebpage Load (0.4ms)[0m  [1mSELECT `webpages`.* FROM `webpages` WHERE (`webpages`.`id` = 1) LIMIT 1[0m
  [1m[35mSQL (0.1ms)[0m  BEGIN
  [1m[36mSQL (0.3ms)[0m  [1mUPDATE `images` SET `enabled` = 0, `updated_at` = '2011-05-07 22:14:49' WHERE (`images`.`id` = 1)[0m
[paperclip] Saving attachments.
  [1m[35mSQL (25.6ms)[0m  COMMIT
  [1m[36mImage Load (0.3ms)[0m  [1mSELECT id FROM `images` WHERE (`images`.`attachable_id` = 1)[0m
  [1m[35mWidget Load (0.2ms)[0m  SELECT `widgets`.* FROM `widgets` WHERE (`widgets`.gadget_id = 1 AND `widgets`.gadget_type = 'Webpage') AND (`widgets`.`widget` = 10) AND (`widgets`.`enabled` = 1) LIMIT 1
  [1m[36mWidget Load (0.2ms)[0m  [1mSELECT `widgets`.* FROM `widgets` WHERE (`widgets`.gadget_id = 1 AND `widgets`.gadget_type = 'Webpage') AND (`widgets`.`widget` = 70) AND (`widgets`.`enabled` = 1) LIMIT 1[0m
  [1m[35mImage Load (0.2ms)[0m  SELECT `images`.* FROM `images` WHERE (`images`.attachable_id = 1 AND `images`.attachable_type = 'Webpage')
Rendered images/_image_edit.html.haml (11.5ms)
  [1m[36mCACHE (0.0ms)[0m  [1mSELECT `widgets`.* FROM `widgets` WHERE (`widgets`.gadget_id = 1 AND `widgets`.gadget_type = 'Webpage') AND (`widgets`.`widget` = 10) AND (`widgets`.`enabled` = 1) LIMIT 1[0m
  [1m[35mCACHE (0.0ms)[0m  SELECT `widgets`.* FROM `widgets` WHERE (`widgets`.gadget_id = 1 AND `widgets`.gadget_type = 'Webpage') AND (`widgets`.`widget` = 70) AND (`widgets`.`enabled` = 1) LIMIT 1
Rendered images/_slideshow_edit.html.haml (39.2ms)
Completed 200 OK in 95ms (Views: 39.7ms | ActiveRecord: 27.7ms)


Started POST "/images/1/update_status" for 127.0.0.1 at Sat May 07 18:14:50 -0400 2011
  Processing by ImagesController#update_status as JS
  Parameters: {"enable"=>"true", "id"=>"1", "_"=>""}
  [1m[36mImage Load (0.3ms)[0m  [1mSELECT `images`.* FROM `images` WHERE (`images`.`id` = 1) LIMIT 1[0m
  [1m[35mWebpage Load (0.5ms)[0m  SELECT `webpages`.* FROM `webpages` WHERE (`webpages`.`id` = 1) LIMIT 1
  [1m[36mSQL (0.1ms)[0m  [1mBEGIN[0m
  [1m[35mSQL (0.2ms)[0m  UPDATE `images` SET `enabled` = 1, `updated_at` = '2011-05-07 22:14:50' WHERE (`images`.`id` = 1)
[paperclip] Saving attachments.
  [1m[36mSQL (33.9ms)[0m  [1mCOMMIT[0m
  [1m[35mImage Load (0.4ms)[0m  SELECT id FROM `images` WHERE (`images`.`attachable_id` = 1)
  [1m[36mWidget Load (0.3ms)[0m  [1mSELECT `widgets`.* FROM `widgets` WHERE (`widgets`.gadget_id = 1 AND `widgets`.gadget_type = 'Webpage') AND (`widgets`.`widget` = 10) AND (`widgets`.`enabled` = 1) LIMIT 1[0m
  [1m[35mWidget Load (0.3ms)[0m  SELECT `widgets`.* FROM `widgets` WHERE (`widgets`.gadget_id = 1 AND `widgets`.gadget_type = 'Webpage') AND (`widgets`.`widget` = 70) AND (`widgets`.`enabled` = 1) LIMIT 1
  [1m[36mImage Load (0.4ms)[0m  [1mSELECT `images`.* FROM `images` WHERE (`images`.attachable_id = 1 AND `images`.attachable_type = 'Webpage')[0m
Rendered images/_image_edit.html.haml (14.1ms)
  [1m[35mCACHE (1.3ms)[0m  SELECT `widgets`.* FROM `widgets` WHERE (`widgets`.gadget_id = 1 AND `widgets`.gadget_type = 'Webpage') AND (`widgets`.`widget` = 10) AND (`widgets`.`enabled` = 1) LIMIT 1
  [1m[36mCACHE (0.0ms)[0m  [1mSELECT `widgets`.* FROM `widgets` WHERE (`widgets`.gadget_id = 1 AND `widgets`.gadget_type = 'Webpage') AND (`widgets`.`widget` = 70) AND (`widgets`.`enabled` = 1) LIMIT 1[0m
Rendered images/_slideshow_edit.html.haml (162.4ms)
Completed 200 OK in 226ms (Views: 161.4ms | ActiveRecord: 37.7ms)


Started POST "/widgets" for 127.0.0.1 at Sat May 07 18:14:56 -0400 2011
  Processing by WidgetsController#create as JS
  Parameters: {"type"=>"Webpage", "widget"=>"10", "_"=>"", "object_id"=>"1"}
  [1m[35mWebpage Load (0.3ms)[0m  SELECT `webpages`.* FROM `webpages` WHERE (`webpages`.`id` = 1) LIMIT 1
  [1m[36mSQL (0.1ms)[0m  [1mBEGIN[0m
  [1m[35mWidget Load (0.3ms)[0m  SELECT `widgets`.* FROM `widgets` WHERE (`widgets`.`gadget_type` = 'Webpage') AND (`widgets`.`widget` IN (10, 70)) AND (`widgets`.`gadget_id` = 1) LIMIT 1
  [1m[36mSQL (0.7ms)[0m  [1mdescribe `widgets`[0m
  [1m[35mSQL (0.3ms)[0m  INSERT INTO `widgets` (`content`, `created_at`, `enabled`, `gadget_id`, `gadget_type`, `position`, `updated_at`, `widget`) VALUES (NULL, '2011-05-07 22:14:56', 1, 1, 'Webpage', 0, '2011-05-07 22:14:56', 10)
  [1m[36mSQL (3.4ms)[0m  [1mCOMMIT[0m
  [1m[35mWebpage Load (0.4ms)[0m  SELECT `webpages`.* FROM `webpages` WHERE (`webpages`.`id` = 1) LIMIT 1
  [1m[36mImage Load (0.2ms)[0m  [1mSELECT id FROM `images` WHERE (`images`.`attachable_id` = 1)[0m
  [1m[35mWidget Load (0.3ms)[0m  SELECT `widgets`.* FROM `widgets` WHERE (`widgets`.gadget_id = 1 AND `widgets`.gadget_type = 'Webpage') AND (`widgets`.`widget` = 10) AND (`widgets`.`enabled` = 1) LIMIT 1
  [1m[36mCACHE (0.0ms)[0m  [1mSELECT `widgets`.* FROM `widgets` WHERE (`widgets`.gadget_id = 1 AND `widgets`.gadget_type = 'Webpage') AND (`widgets`.`widget` = 10) AND (`widgets`.`enabled` = 1) LIMIT 1[0m
  [1m[35mCACHE (0.0ms)[0m  SELECT `widgets`.* FROM `widgets` WHERE (`widgets`.gadget_id = 1 AND `widgets`.gadget_type = 'Webpage') AND (`widgets`.`widget` = 10) AND (`widgets`.`enabled` = 1) LIMIT 1
  [1m[36mCACHE (0.0ms)[0m  [1mSELECT `widgets`.* FROM `widgets` WHERE (`widgets`.gadget_id = 1 AND `widgets`.gadget_type = 'Webpage') AND (`widgets`.`widget` = 10) AND (`widgets`.`enabled` = 1) LIMIT 1[0m
  [1m[35mImage Load (0.3ms)[0m  SELECT `images`.* FROM `images` WHERE (`images`.attachable_id = 1 AND `images`.attachable_type = 'Webpage')
Rendered images/_image_edit.html.haml (12.9ms)
Rendered widgets/_image_group.html.haml (28.8ms)
  [1m[36mCACHE (0.0ms)[0m  [1mSELECT `widgets`.* FROM `widgets` WHERE (`widgets`.gadget_id = 1 AND `widgets`.gadget_type = 'Webpage') AND (`widgets`.`widget` = 10) AND (`widgets`.`enabled` = 1) LIMIT 1[0m
Rendered images/_slideshow_edit.html.haml (53.0ms)
Completed 200 OK in 94ms (Views: 53.8ms | ActiveRecord: 6.2ms)


Started GET "/editor/webpages/1/edit" for 127.0.0.1 at Sat May 07 18:15:00 -0400 2011
  Processing by WebpagesController#edit as HTML
  Parameters: {"id"=>"1"}
  [1m[35mWebpage Load (0.5ms)[0m  SELECT `webpages`.* FROM `webpages` WHERE (page_alias NOT IN ('about','contact') AND is_root != 1 AND enabled = 1)
  [1m[36mUser Load (0.3ms)[0m  [1mSELECT `users`.* FROM `users` WHERE (`users`.`id` = 1) LIMIT 1[0m
  [1m[35mCACHE (0.0ms)[0m  SELECT `users`.* FROM `users` WHERE (`users`.`id` = 1) LIMIT 1
  [1m[36mSQL (0.2ms)[0m  [1mBEGIN[0m
  [1m[35mSQL (0.3ms)[0m  UPDATE `users` SET `last_request_at` = '2011-05-07 22:15:00', `perishable_token` = 'wQzfsyz_JSsOQS9UYe7S' WHERE (`users`.`id` = 1)
  [1m[36mSQL (24.2ms)[0m  [1mCOMMIT[0m
  [1m[35mWebpage Load (0.4ms)[0m  SELECT `webpages`.* FROM `webpages`
  [1m[36mSubpage Load (1.3ms)[0m  [1mSELECT `subpages`.* FROM `subpages`[0m
  [1m[35mImage Load (0.3ms)[0m  SELECT `images`.* FROM `images`
  [1m[36mWebpage Load (0.2ms)[0m  [1mSELECT `webpages`.* FROM `webpages` WHERE (`webpages`.`id` = 1) LIMIT 1[0m
  [1m[35mImage Load (0.3ms)[0m  SELECT `images`.* FROM `images` WHERE (`images`.attachable_id = 1 AND `images`.attachable_type = 'Webpage')
Rendered images/_image_field.html.haml (2.6ms)
  [1m[36mWidget Load (0.4ms)[0m  [1mSELECT `widgets`.* FROM `widgets` WHERE (`widgets`.gadget_id = 1 AND `widgets`.gadget_type = 'Webpage')[0m
Rendered widgets/_widget_field.html.haml (2.7ms)
Rendered shared/_template_help.html.haml (2.9ms)
Rendered webpages/_form.html.haml (73.9ms)
DEPRECATION WARNING: - style block helpers are deprecated. Please use =. (called from _app_views_webpages_edit_html_haml__838490037_85730350_0 at /var/www/vhosts/toq/httpdocs/app/views/webpages/edit.html.haml:4)
  [1m[35mUser Load (0.3ms)[0m  SELECT `users`.* FROM `users` WHERE (`users`.`id` = 1) LIMIT 1
Rendered shared/_page_status.html.haml (3.5ms)
  [1m[36mImage Load (0.2ms)[0m  [1mSELECT id FROM `images` WHERE (`images`.`attachable_id` = 1)[0m
  [1m[35mWidget Load (0.5ms)[0m  SELECT `widgets`.* FROM `widgets` WHERE (`widgets`.gadget_id = 1 AND `widgets`.gadget_type = 'Webpage') AND (`widgets`.`widget` = 10) AND (`widgets`.`enabled` = 1) LIMIT 1
  [1m[36mCACHE (0.0ms)[0m  [1mSELECT `widgets`.* FROM `widgets` WHERE (`widgets`.gadget_id = 1 AND `widgets`.gadget_type = 'Webpage') AND (`widgets`.`widget` = 10) AND (`widgets`.`enabled` = 1) LIMIT 1[0m
  [1m[35mCACHE (0.0ms)[0m  SELECT `widgets`.* FROM `widgets` WHERE (`widgets`.gadget_id = 1 AND `widgets`.gadget_type = 'Webpage') AND (`widgets`.`widget` = 10) AND (`widgets`.`enabled` = 1) LIMIT 1
  [1m[36mCACHE (0.0ms)[0m  [1mSELECT `widgets`.* FROM `widgets` WHERE (`widgets`.gadget_id = 1 AND `widgets`.gadget_type = 'Webpage') AND (`widgets`.`widget` = 10) AND (`widgets`.`enabled` = 1) LIMIT 1[0m
Rendered images/_image_edit.html.haml (15.3ms)
Rendered widgets/_image_group.html.haml (21.4ms)
  [1m[35mCACHE (0.0ms)[0m  SELECT `widgets`.* FROM `widgets` WHERE (`widgets`.gadget_id = 1 AND `widgets`.gadget_type = 'Webpage') AND (`widgets`.`widget` = 10) AND (`widgets`.`enabled` = 1) LIMIT 1
Rendered images/_slideshow_edit.html.haml (112.3ms)
  [1m[36mWidget Load (0.4ms)[0m  [1mSELECT `widgets`.* FROM `widgets` WHERE (`widgets`.gadget_id = 1 AND `widgets`.gadget_type = 'Webpage') AND (widget NOT IN (70,10) AND enabled IN (1,0)) ORDER BY position[0m
  [1m[35mSubpage Load (0.3ms)[0m  SELECT `subpages`.* FROM `subpages` WHERE (`subpages`.`id` = 4) LIMIT 1
  [1m[36mCACHE (0.0ms)[0m  [1mSELECT `subpages`.* FROM `subpages` WHERE (`subpages`.`id` = 4) LIMIT 1[0m
  [1m[35mImage Load (2.2ms)[0m  SELECT `images`.* FROM `images` WHERE (`images`.attachable_id = 4 AND `images`.attachable_type = 'Subpage')
  [1m[36mCACHE (0.0ms)[0m  [1mSELECT `subpages`.* FROM `subpages` WHERE (`subpages`.`id` = 4) LIMIT 1[0m
  [1m[35mImage Load (0.3ms)[0m  SELECT `images`.* FROM `images` WHERE (`images`.attachable_id = 4 AND `images`.attachable_type = 'Subpage') AND (`images`.`enabled` = 1) ORDER BY position LIMIT 1
  [1m[36mCACHE (0.0ms)[0m  [1mSELECT `subpages`.* FROM `subpages` WHERE (`subpages`.`id` = 4) LIMIT 1[0m
  [1m[35mCACHE (0.0ms)[0m  SELECT `images`.* FROM `images` WHERE (`images`.attachable_id = 4 AND `images`.attachable_type = 'Subpage')
  [1m[36mCACHE (0.0ms)[0m  [1mSELECT `subpages`.* FROM `subpages` WHERE (`subpages`.`id` = 4) LIMIT 1[0m
Rendered widgets/_featured_page.html.haml (13.0ms)
Rendered widgets/_calculator.html.haml (2.0ms)
Rendered widgets/_edit_widget.html.haml (21.9ms)
Rendered widgets/_page_widgets.html.haml (25.1ms)
DEPRECATION WARNING: - style block helpers are deprecated. Please use =. (called from _app_views_layouts_editor_html_haml___234302683_85729020_0 at /var/www/vhosts/toq/httpdocs/app/views/layouts/editor.html.haml:9)
  [1m[35mSubpage Load (0.3ms)[0m  SELECT `subpages`.* FROM `subpages` WHERE (`subpages`.webpage_id = 1)
  [1m[36mSubpage Load (0.3ms)[0m  [1mSELECT `subpages`.* FROM `subpages` WHERE (`subpages`.webpage_id = 2)[0m
  [1m[35mSubpage Load (0.2ms)[0m  SELECT `subpages`.* FROM `subpages` WHERE (`subpages`.webpage_id = 3)
  [1m[36mSubpage Load (0.9ms)[0m  [1mSELECT `subpages`.* FROM `subpages` WHERE (`subpages`.webpage_id = 4)[0m
  [1m[35mSubpage Load (0.2ms)[0m  SELECT `subpages`.* FROM `subpages` WHERE (`subpages`.webpage_id = 5)
  [1m[36mSubpage Load (0.3ms)[0m  [1mSELECT `subpages`.* FROM `subpages` WHERE (`subpages`.webpage_id = 6)[0m
Rendered webpages/edit.html.haml within layouts/editor (245.0ms)
Completed 200 OK in 551ms (Views: 240.3ms | ActiveRecord: 34.9ms)


Started GET "/widgets/update_content?widget=20&object=Webpage_1" for 127.0.0.1 at Sat May 07 18:15:29 -0400 2011
  Processing by WidgetsController#update_content as JS
  Parameters: {"widget"=>"20", "object"=>"Webpage_1"}
  [1m[35mWebpage Load (0.3ms)[0m  SELECT `webpages`.* FROM `webpages` WHERE (`webpages`.`id` = 1) LIMIT 1
Rendered widgets/content_fields/_contact_form.html.haml (1.0ms)
Completed 200 OK in 19ms (Views: 2.9ms | ActiveRecord: 0.3ms)


Started POST "/editor/webpages/1" for 127.0.0.1 at Sat May 07 18:15:36 -0400 2011
  Processing by WebpagesController#update as HTML
  Parameters: {"commit"=>"Update Treasures Page", "authenticity_token"=>"xXnwUvgSwq1p/T6Gt4yTcXQQytzwjUBQbzM3xySv1PE=", "utf8"=>"\342\234\223", "id"=>"1", "webpage"=>{"page_title"=>"Treasures of Quilting", "text"=>"I hope you enjoy browsing Our website.\r\n\r\nMy Mother and two Aunts have helped to contribute to making and designing different parts of the Quilts.\r\n\r\nSo let us know if there is something we can do for you, or if you have any questions, you can contact me.", "is_root"=>"1", "template"=>"10", "updated_by"=>"1", "preview_text"=>"Welcome to Treasures of Quilting. I chose the name so I could have different options to use my long arm along with finishing quilt tops, but also create Quilted items and other crafts and use my imagination.", "widgets_attributes"=>{"1304806511304"=>{"widget"=>"20", "content"=>""}}}}
  [1m[36mWebpage Load (0.4ms)[0m  [1mSELECT `webpages`.* FROM `webpages` WHERE (page_alias NOT IN ('about','contact') AND is_root != 1 AND enabled = 1)[0m
  [1m[35mUser Load (0.3ms)[0m  SELECT `users`.* FROM `users` WHERE (`users`.`id` = 1) LIMIT 1
  [1m[36mCACHE (0.0ms)[0m  [1mSELECT `users`.* FROM `users` WHERE (`users`.`id` = 1) LIMIT 1[0m
  [1m[35mSQL (0.2ms)[0m  BEGIN
  [1m[36mSQL (0.3ms)[0m  [1mUPDATE `users` SET `last_request_at` = '2011-05-07 22:15:36', `perishable_token` = '-q8ywxjC0kxUYyDiA9iU' WHERE (`users`.`id` = 1)[0m
  [1m[35mSQL (38.3ms)[0m  COMMIT
  [1m[36mWebpage Load (0.4ms)[0m  [1mSELECT `webpages`.* FROM `webpages`[0m
  [1m[35mSubpage Load (0.5ms)[0m  SELECT `subpages`.* FROM `subpages`
  [1m[36mImage Load (0.3ms)[0m  [1mSELECT `images`.* FROM `images`[0m
  [1m[35mWebpage Load (0.2ms)[0m  SELECT `webpages`.* FROM `webpages` WHERE (`webpages`.`id` = 1) LIMIT 1
  [1m[36mSQL (0.1ms)[0m  [1mBEGIN[0m
  [1m[35mWebpage Load (0.3ms)[0m  SELECT `webpages`.* FROM `webpages` WHERE (`webpages`.`is_root` = 1) LIMIT 1
  [1m[36mSQL (0.3ms)[0m  [1mUPDATE `webpages` SET `is_root` = 0, `updated_at` = '2011-05-07 22:15:36' WHERE (`webpages`.`id` = 1)[0m
  [1m[35mSQL (0.3ms)[0m  INSERT INTO `widgets` (`content`, `created_at`, `enabled`, `gadget_id`, `gadget_type`, `position`, `updated_at`, `widget`) VALUES ('', '2011-05-07 22:15:36', 0, 1, 'Webpage', 0, '2011-05-07 22:15:36', 20)
  [1m[36mSQL (0.7ms)[0m  [1mCOMMIT[0m
  [1m[35mImage Load (0.3ms)[0m  SELECT `images`.* FROM `images` WHERE (`images`.attachable_id = 1 AND `images`.attachable_type = 'Webpage')
Rendered images/_image_field.html.haml (2.6ms)
  [1m[36mWidget Load (0.6ms)[0m  [1mSELECT `widgets`.* FROM `widgets` WHERE (`widgets`.gadget_id = 1 AND `widgets`.gadget_type = 'Webpage')[0m
Rendered widgets/_widget_field.html.haml (2.6ms)
Rendered shared/_template_help.html.haml (3.2ms)
Rendered webpages/_form.html.haml (33.0ms)
DEPRECATION WARNING: - style block helpers are deprecated. Please use =. (called from _app_views_webpages_edit_html_haml__838490037_85734240_0 at /var/www/vhosts/toq/httpdocs/app/views/webpages/edit.html.haml:4)
  [1m[35mUser Load (0.3ms)[0m  SELECT `users`.* FROM `users` WHERE (`users`.`id` = 1) LIMIT 1
Rendered shared/_page_status.html.haml (3.4ms)
  [1m[36mImage Load (0.5ms)[0m  [1mSELECT id FROM `images` WHERE (`images`.`attachable_id` = 1)[0m
  [1m[35mWidget Load (0.3ms)[0m  SELECT `widgets`.* FROM `widgets` WHERE (`widgets`.gadget_id = 1 AND `widgets`.gadget_type = 'Webpage') AND (`widgets`.`widget` = 10) AND (`widgets`.`enabled` = 1) LIMIT 1
  [1m[36mCACHE (0.0ms)[0m  [1mSELECT `widgets`.* FROM `widgets` WHERE (`widgets`.gadget_id = 1 AND `widgets`.gadget_type = 'Webpage') AND (`widgets`.`widget` = 10) AND (`widgets`.`enabled` = 1) LIMIT 1[0m
  [1m[35mCACHE (0.0ms)[0m  SELECT `widgets`.* FROM `widgets` WHERE (`widgets`.gadget_id = 1 AND `widgets`.gadget_type = 'Webpage') AND (`widgets`.`widget` = 10) AND (`widgets`.`enabled` = 1) LIMIT 1
  [1m[36mCACHE (0.0ms)[0m  [1mSELECT `widgets`.* FROM `widgets` WHERE (`widgets`.gadget_id = 1 AND `widgets`.gadget_type = 'Webpage') AND (`widgets`.`widget` = 10) AND (`widgets`.`enabled` = 1) LIMIT 1[0m
Rendered images/_image_edit.html.haml (92.2ms)
Rendered widgets/_image_group.html.haml (97.6ms)
  [1m[35mCACHE (0.0ms)[0m  SELECT `widgets`.* FROM `widgets` WHERE (`widgets`.gadget_id = 1 AND `widgets`.gadget_type = 'Webpage') AND (`widgets`.`widget` = 10) AND (`widgets`.`enabled` = 1) LIMIT 1
Rendered images/_slideshow_edit.html.haml (108.2ms)
  [1m[36mWidget Load (0.4ms)[0m  [1mSELECT `widgets`.* FROM `widgets` WHERE (`widgets`.gadget_id = 1 AND `widgets`.gadget_type = 'Webpage') AND (widget NOT IN (70,10) AND enabled IN (1,0)) ORDER BY position[0m
Rendered widgets/content_fields/_contact_form.html.haml (1.1ms)
Rendered widgets/_contact_form.html.haml (6.1ms)
  [1m[35mSubpage Load (1.3ms)[0m  SELECT `subpages`.* FROM `subpages` WHERE (`subpages`.`id` = 4) LIMIT 1
  [1m[36mCACHE (0.0ms)[0m  [1mSELECT `subpages`.* FROM `subpages` WHERE (`subpages`.`id` = 4) LIMIT 1[0m
  [1m[35mImage Load (0.3ms)[0m  SELECT `images`.* FROM `images` WHERE (`images`.attachable_id = 4 AND `images`.attachable_type = 'Subpage')
  [1m[36mCACHE (0.0ms)[0m  [1mSELECT `subpages`.* FROM `subpages` WHERE (`subpages`.`id` = 4) LIMIT 1[0m
  [1m[35mImage Load (0.2ms)[0m  SELECT `images`.* FROM `images` WHERE (`images`.attachable_id = 4 AND `images`.attachable_type = 'Subpage') AND (`images`.`enabled` = 1) ORDER BY position LIMIT 1
  [1m[36mCACHE (0.0ms)[0m  [1mSELECT `subpages`.* FROM `subpages` WHERE (`subpages`.`id` = 4) LIMIT 1[0m
  [1m[35mCACHE (0.0ms)[0m  SELECT `images`.* FROM `images` WHERE (`images`.attachable_id = 4 AND `images`.attachable_type = 'Subpage')
  [1m[36mCACHE (0.0ms)[0m  [1mSELECT `subpages`.* FROM `subpages` WHERE (`subpages`.`id` = 4) LIMIT 1[0m
Rendered widgets/_featured_page.html.haml (18.0ms)
Rendered widgets/_calculator.html.haml (1.1ms)
Rendered widgets/_edit_widget.html.haml (34.4ms)
Rendered widgets/_page_widgets.html.haml (37.8ms)
DEPRECATION WARNING: - style block helpers are deprecated. Please use =. (called from _app_views_layouts_editor_html_haml___234302683_85732950_0 at /var/www/vhosts/toq/httpdocs/app/views/layouts/editor.html.haml:9)
  [1m[35mSubpage Load (0.5ms)[0m  SELECT `subpages`.* FROM `subpages` WHERE (`subpages`.webpage_id = 1)
  [1m[36mSubpage Load (0.2ms)[0m  [1mSELECT `subpages`.* FROM `subpages` WHERE (`subpages`.webpage_id = 2)[0m
  [1m[35mSubpage Load (0.2ms)[0m  SELECT `subpages`.* FROM `subpages` WHERE (`subpages`.webpage_id = 3)
  [1m[36mSubpage Load (0.2ms)[0m  [1mSELECT `subpages`.* FROM `subpages` WHERE (`subpages`.webpage_id = 4)[0m
  [1m[35mSubpage Load (0.2ms)[0m  SELECT `subpages`.* FROM `subpages` WHERE (`subpages`.webpage_id = 5)
  [1m[36mSubpage Load (0.3ms)[0m  [1mSELECT `subpages`.* FROM `subpages` WHERE (`subpages`.webpage_id = 6)[0m
Rendered webpages/edit.html.haml within layouts/editor (214.6ms)
Completed 200 OK in 443ms (Views: 211.0ms | ActiveRecord: 48.6ms)


Started POST "/widgets/13/update_status" for 127.0.0.1 at Sat May 07 18:15:50 -0400 2011
  Processing by WidgetsController#update_status as JS
  Parameters: {"enable"=>"true", "id"=>"13", "_"=>""}
  [1m[35mWidget Load (0.3ms)[0m  SELECT `widgets`.* FROM `widgets` WHERE (`widgets`.`id` = 13) LIMIT 1
  [1m[36mWebpage Load (0.3ms)[0m  [1mSELECT `webpages`.* FROM `webpages` WHERE (`webpages`.`id` = 1) LIMIT 1[0m
  [1m[35mSQL (0.1ms)[0m  BEGIN
  [1m[36mSQL (0.2ms)[0m  [1mUPDATE `widgets` SET `enabled` = 1, `updated_at` = '2011-05-07 22:15:50' WHERE (`widgets`.`id` = 13)[0m
  [1m[35mSQL (3.6ms)[0m  COMMIT
  [1m[36mWidget Load (0.3ms)[0m  [1mSELECT `widgets`.* FROM `widgets` WHERE (`widgets`.gadget_id = 1 AND `widgets`.gadget_type = 'Webpage') AND (widget NOT IN (70,10) AND enabled IN (1,0)) ORDER BY position[0m
Rendered widgets/content_fields/_contact_form.html.haml (0.9ms)
Rendered widgets/_contact_form.html.haml (4.1ms)
  [1m[35mSubpage Load (0.3ms)[0m  SELECT `subpages`.* FROM `subpages` WHERE (`subpages`.`id` = 4) LIMIT 1
  [1m[36mCACHE (0.0ms)[0m  [1mSELECT `subpages`.* FROM `subpages` WHERE (`subpages`.`id` = 4) LIMIT 1[0m
  [1m[35mImage Load (0.3ms)[0m  SELECT `images`.* FROM `images` WHERE (`images`.attachable_id = 4 AND `images`.attachable_type = 'Subpage')
  [1m[36mCACHE (0.0ms)[0m  [1mSELECT `subpages`.* FROM `subpages` WHERE (`subpages`.`id` = 4) LIMIT 1[0m
  [1m[35mImage Load (0.3ms)[0m  SELECT `images`.* FROM `images` WHERE (`images`.attachable_id = 4 AND `images`.attachable_type = 'Subpage') AND (`images`.`enabled` = 1) ORDER BY position LIMIT 1
  [1m[36mCACHE (0.0ms)[0m  [1mSELECT `subpages`.* FROM `subpages` WHERE (`subpages`.`id` = 4) LIMIT 1[0m
  [1m[35mCACHE (0.0ms)[0m  SELECT `images`.* FROM `images` WHERE (`images`.attachable_id = 4 AND `images`.attachable_type = 'Subpage')
  [1m[36mCACHE (0.0ms)[0m  [1mSELECT `subpages`.* FROM `subpages` WHERE (`subpages`.`id` = 4) LIMIT 1[0m
Rendered widgets/_featured_page.html.haml (115.1ms)
Rendered widgets/_calculator.html.haml (1.0ms)
Rendered widgets/_edit_widget.html.haml (129.3ms)
Rendered widgets/_page_widgets.html.haml (139.8ms)
Completed 200 OK in 175ms (Views: 140.3ms | ActiveRecord: 5.6ms)


Started GET "/" for 127.0.0.1 at Sat May 07 18:15:52 -0400 2011
  Processing by WebpagesController#show as HTML
  [1m[35mWebpage Load (7.5ms)[0m  SELECT `webpages`.* FROM `webpages` WHERE (page_alias NOT IN ('about','contact') AND is_root != 1 AND enabled = 1)
  [1m[36mWebpage Load (2.7ms)[0m  [1mSELECT `webpages`.* FROM `webpages` WHERE (`webpages`.`is_root` = 1) LIMIT 1[0m
Completed   in 27ms

NoMethodError (undefined method `subpages' for nil:NilClass):
  app/controllers/webpages_controller.rb:32:in `show'

Rendered /usr/local/lib/ruby/gems/1.8/gems/actionpack-3.0.1/lib/action_dispatch/middleware/templates/rescues/_trace.erb (0.9ms)
Rendered /usr/local/lib/ruby/gems/1.8/gems/actionpack-3.0.1/lib/action_dispatch/middleware/templates/rescues/_request_and_response.erb (16.2ms)
Rendered /usr/local/lib/ruby/gems/1.8/gems/actionpack-3.0.1/lib/action_dispatch/middleware/templates/rescues/diagnostics.erb within rescues/layout (20.9ms)


Started GET "/editor/webpages/1/edit" for 127.0.0.1 at Sat May 07 18:15:57 -0400 2011
  Processing by WebpagesController#edit as HTML
  Parameters: {"id"=>"1"}
  [1m[35mWebpage Load (4.1ms)[0m  SELECT `webpages`.* FROM `webpages` WHERE (page_alias NOT IN ('about','contact') AND is_root != 1 AND enabled = 1)
  [1m[36mUser Load (6.5ms)[0m  [1mSELECT `users`.* FROM `users` WHERE (`users`.`id` = 1) LIMIT 1[0m
  [1m[35mCACHE (0.0ms)[0m  SELECT `users`.* FROM `users` WHERE (`users`.`id` = 1) LIMIT 1
  [1m[36mSQL (0.1ms)[0m  [1mBEGIN[0m
  [1m[35mSQL (0.2ms)[0m  UPDATE `users` SET `last_request_at` = '2011-05-07 22:15:57', `perishable_token` = 'PZEXohvnBQV7Ma-WeHP2' WHERE (`users`.`id` = 1)
  [1m[36mSQL (4.3ms)[0m  [1mCOMMIT[0m
  [1m[35mWebpage Load (0.3ms)[0m  SELECT `webpages`.* FROM `webpages`
  [1m[36mSubpage Load (0.4ms)[0m  [1mSELECT `subpages`.* FROM `subpages`[0m
  [1m[35mImage Load (0.4ms)[0m  SELECT `images`.* FROM `images`
  [1m[36mWebpage Load (1.7ms)[0m  [1mSELECT `webpages`.* FROM `webpages` WHERE (`webpages`.`id` = 1) LIMIT 1[0m
  [1m[35mImage Load (0.3ms)[0m  SELECT `images`.* FROM `images` WHERE (`images`.attachable_id = 1 AND `images`.attachable_type = 'Webpage')
Rendered images/_image_field.html.haml (2.9ms)
  [1m[36mWidget Load (0.3ms)[0m  [1mSELECT `widgets`.* FROM `widgets` WHERE (`widgets`.gadget_id = 1 AND `widgets`.gadget_type = 'Webpage')[0m
Rendered widgets/_widget_field.html.haml (2.7ms)
Rendered shared/_template_help.html.haml (4.9ms)
Rendered webpages/_form.html.haml (43.9ms)
DEPRECATION WARNING: - style block helpers are deprecated. Please use =. (called from _app_views_webpages_edit_html_haml__838490037_85763590_0 at /var/www/vhosts/toq/httpdocs/app/views/webpages/edit.html.haml:4)
  [1m[35mUser Load (0.4ms)[0m  SELECT `users`.* FROM `users` WHERE (`users`.`id` = 1) LIMIT 1
Rendered shared/_page_status.html.haml (4.3ms)
  [1m[36mImage Load (6.4ms)[0m  [1mSELECT id FROM `images` WHERE (`images`.`attachable_id` = 1)[0m
  [1m[35mWidget Load (1.1ms)[0m  SELECT `widgets`.* FROM `widgets` WHERE (`widgets`.gadget_id = 1 AND `widgets`.gadget_type = 'Webpage') AND (`widgets`.`widget` = 10) AND (`widgets`.`enabled` = 1) LIMIT 1
  [1m[36mCACHE (0.0ms)[0m  [1mSELECT `widgets`.* FROM `widgets` WHERE (`widgets`.gadget_id = 1 AND `widgets`.gadget_type = 'Webpage') AND (`widgets`.`widget` = 10) AND (`widgets`.`enabled` = 1) LIMIT 1[0m
  [1m[35mCACHE (0.1ms)[0m  SELECT `widgets`.* FROM `widgets` WHERE (`widgets`.gadget_id = 1 AND `widgets`.gadget_type = 'Webpage') AND (`widgets`.`widget` = 10) AND (`widgets`.`enabled` = 1) LIMIT 1
  [1m[36mCACHE (0.0ms)[0m  [1mSELECT `widgets`.* FROM `widgets` WHERE (`widgets`.gadget_id = 1 AND `widgets`.gadget_type = 'Webpage') AND (`widgets`.`widget` = 10) AND (`widgets`.`enabled` = 1) LIMIT 1[0m
Rendered images/_image_edit.html.haml (92.2ms)
Rendered widgets/_image_group.html.haml (103.6ms)
  [1m[35mCACHE (0.0ms)[0m  SELECT `widgets`.* FROM `widgets` WHERE (`widgets`.gadget_id = 1 AND `widgets`.gadget_type = 'Webpage') AND (`widgets`.`widget` = 10) AND (`widgets`.`enabled` = 1) LIMIT 1
Rendered images/_slideshow_edit.html.haml (121.4ms)
  [1m[36mWidget Load (0.7ms)[0m  [1mSELECT `widgets`.* FROM `widgets` WHERE (`widgets`.gadget_id = 1 AND `widgets`.gadget_type = 'Webpage') AND (widget NOT IN (70,10) AND enabled IN (1,0)) ORDER BY position[0m
Rendered widgets/content_fields/_contact_form.html.haml (1.0ms)
Rendered widgets/_contact_form.html.haml (4.4ms)
  [1m[35mSubpage Load (0.3ms)[0m  SELECT `subpages`.* FROM `subpages` WHERE (`subpages`.`id` = 4) LIMIT 1
  [1m[36mCACHE (0.0ms)[0m  [1mSELECT `subpages`.* FROM `subpages` WHERE (`subpages`.`id` = 4) LIMIT 1[0m
  [1m[35mImage Load (0.3ms)[0m  SELECT `images`.* FROM `images` WHERE (`images`.attachable_id = 4 AND `images`.attachable_type = 'Subpage')
  [1m[36mCACHE (0.0ms)[0m  [1mSELECT `subpages`.* FROM `subpages` WHERE (`subpages`.`id` = 4) LIMIT 1[0m
  [1m[35mImage Load (0.3ms)[0m  SELECT `images`.* FROM `images` WHERE (`images`.attachable_id = 4 AND `images`.attachable_type = 'Subpage') AND (`images`.`enabled` = 1) ORDER BY position LIMIT 1
  [1m[36mCACHE (0.0ms)[0m  [1mSELECT `subpages`.* FROM `subpages` WHERE (`subpages`.`id` = 4) LIMIT 1[0m
  [1m[35mCACHE (0.0ms)[0m  SELECT `images`.* FROM `images` WHERE (`images`.attachable_id = 4 AND `images`.attachable_type = 'Subpage')
  [1m[36mCACHE (0.0ms)[0m  [1mSELECT `subpages`.* FROM `subpages` WHERE (`subpages`.`id` = 4) LIMIT 1[0m
Rendered widgets/_featured_page.html.haml (12.1ms)
Rendered widgets/_calculator.html.haml (1.0ms)
Rendered widgets/_edit_widget.html.haml (27.1ms)
Rendered widgets/_page_widgets.html.haml (31.1ms)
DEPRECATION WARNING: - style block helpers are deprecated. Please use =. (called from _app_views_layouts_editor_html_haml___234302683_85760630_0 at /var/www/vhosts/toq/httpdocs/app/views/layouts/editor.html.haml:9)
  [1m[35mSubpage Load (0.3ms)[0m  SELECT `subpages`.* FROM `subpages` WHERE (`subpages`.webpage_id = 1)
  [1m[36mSubpage Load (0.2ms)[0m  [1mSELECT `subpages`.* FROM `subpages` WHERE (`subpages`.webpage_id = 2)[0m
  [1m[35mSubpage Load (0.2ms)[0m  SELECT `subpages`.* FROM `subpages` WHERE (`subpages`.webpage_id = 3)
  [1m[36mSubpage Load (0.2ms)[0m  [1mSELECT `subpages`.* FROM `subpages` WHERE (`subpages`.webpage_id = 4)[0m
  [1m[35mSubpage Load (0.3ms)[0m  SELECT `subpages`.* FROM `subpages` WHERE (`subpages`.webpage_id = 5)
  [1m[36mSubpage Load (0.2ms)[0m  [1mSELECT `subpages`.* FROM `subpages` WHERE (`subpages`.webpage_id = 6)[0m
Rendered webpages/edit.html.haml within layouts/editor (232.3ms)
Completed 200 OK in 454ms (Views: 223.1ms | ActiveRecord: 40.2ms)


Started POST "/editor/webpages/1" for 127.0.0.1 at Sat May 07 18:16:02 -0400 2011
  Processing by WebpagesController#update as HTML
  Parameters: {"commit"=>"Update Treasures Page", "authenticity_token"=>"xXnwUvgSwq1p/T6Gt4yTcXQQytzwjUBQbzM3xySv1PE=", "utf8"=>"\342\234\223", "id"=>"1", "webpage"=>{"page_title"=>"Treasures of Quilting", "text"=>"I hope you enjoy browsing Our website.\r\n\r\nMy Mother and two Aunts have helped to contribute to making and designing different parts of the Quilts.\r\n\r\nSo let us know if there is something we can do for you, or if you have any questions, you can contact me.", "is_root"=>"1", "template"=>"10", "updated_by"=>"1", "preview_text"=>"Welcome to Treasures of Quilting. I chose the name so I could have different options to use my long arm along with finishing quilt tops, but also create Quilted items and other crafts and use my imagination."}}
  [1m[35mWebpage Load (0.5ms)[0m  SELECT `webpages`.* FROM `webpages` WHERE (page_alias NOT IN ('about','contact') AND is_root != 1 AND enabled = 1)
  [1m[36mUser Load (0.3ms)[0m  [1mSELECT `users`.* FROM `users` WHERE (`users`.`id` = 1) LIMIT 1[0m
  [1m[35mCACHE (0.0ms)[0m  SELECT `users`.* FROM `users` WHERE (`users`.`id` = 1) LIMIT 1
  [1m[36mSQL (0.1ms)[0m  [1mBEGIN[0m
  [1m[35mSQL (0.5ms)[0m  UPDATE `users` SET `last_request_at` = '2011-05-07 22:16:02', `perishable_token` = 'KsH97purr27330QM1TQ-' WHERE (`users`.`id` = 1)
  [1m[36mSQL (43.1ms)[0m  [1mCOMMIT[0m
  [1m[35mWebpage Load (0.4ms)[0m  SELECT `webpages`.* FROM `webpages`
  [1m[36mSubpage Load (0.4ms)[0m  [1mSELECT `subpages`.* FROM `subpages`[0m
  [1m[35mImage Load (0.4ms)[0m  SELECT `images`.* FROM `images`
  [1m[36mWebpage Load (0.2ms)[0m  [1mSELECT `webpages`.* FROM `webpages` WHERE (`webpages`.`id` = 1) LIMIT 1[0m
  [1m[35mSQL (0.1ms)[0m  BEGIN
  [1m[36mWebpage Load (0.3ms)[0m  [1mSELECT `webpages`.* FROM `webpages` WHERE (`webpages`.`is_root` = 1) LIMIT 1[0m
  [1m[35mSQL (0.2ms)[0m  UPDATE `webpages` SET `is_root` = 1, `updated_at` = '2011-05-07 22:16:02' WHERE (`webpages`.`id` = 1)
  [1m[36mSQL (0.6ms)[0m  [1mCOMMIT[0m
  [1m[35mImage Load (0.4ms)[0m  SELECT `images`.* FROM `images` WHERE (`images`.attachable_id = 1 AND `images`.attachable_type = 'Webpage')
Rendered images/_image_field.html.haml (2.8ms)
  [1m[36mWidget Load (0.3ms)[0m  [1mSELECT `widgets`.* FROM `widgets` WHERE (`widgets`.gadget_id = 1 AND `widgets`.gadget_type = 'Webpage')[0m
Rendered widgets/_widget_field.html.haml (2.7ms)
Rendered shared/_template_help.html.haml (2.8ms)
Rendered webpages/_form.html.haml (43.1ms)
DEPRECATION WARNING: - style block helpers are deprecated. Please use =. (called from _app_views_webpages_edit_html_haml__838490037_86504910_0 at /var/www/vhosts/toq/httpdocs/app/views/webpages/edit.html.haml:4)
  [1m[35mUser Load (0.4ms)[0m  SELECT `users`.* FROM `users` WHERE (`users`.`id` = 1) LIMIT 1
Rendered shared/_page_status.html.haml (4.0ms)
  [1m[36mImage Load (0.3ms)[0m  [1mSELECT id FROM `images` WHERE (`images`.`attachable_id` = 1)[0m
  [1m[35mWidget Load (0.2ms)[0m  SELECT `widgets`.* FROM `widgets` WHERE (`widgets`.gadget_id = 1 AND `widgets`.gadget_type = 'Webpage') AND (`widgets`.`widget` = 10) AND (`widgets`.`enabled` = 1) LIMIT 1
  [1m[36mCACHE (0.0ms)[0m  [1mSELECT `widgets`.* FROM `widgets` WHERE (`widgets`.gadget_id = 1 AND `widgets`.gadget_type = 'Webpage') AND (`widgets`.`widget` = 10) AND (`widgets`.`enabled` = 1) LIMIT 1[0m
  [1m[35mCACHE (0.0ms)[0m  SELECT `widgets`.* FROM `widgets` WHERE (`widgets`.gadget_id = 1 AND `widgets`.gadget_type = 'Webpage') AND (`widgets`.`widget` = 10) AND (`widgets`.`enabled` = 1) LIMIT 1
  [1m[36mCACHE (0.0ms)[0m  [1mSELECT `widgets`.* FROM `widgets` WHERE (`widgets`.gadget_id = 1 AND `widgets`.gadget_type = 'Webpage') AND (`widgets`.`widget` = 10) AND (`widgets`.`enabled` = 1) LIMIT 1[0m
Rendered images/_image_edit.html.haml (11.9ms)
Rendered widgets/_image_group.html.haml (17.1ms)
  [1m[35mCACHE (0.0ms)[0m  SELECT `widgets`.* FROM `widgets` WHERE (`widgets`.gadget_id = 1 AND `widgets`.gadget_type = 'Webpage') AND (`widgets`.`widget` = 10) AND (`widgets`.`enabled` = 1) LIMIT 1
Rendered images/_slideshow_edit.html.haml (29.8ms)
  [1m[36mWidget Load (0.5ms)[0m  [1mSELECT `widgets`.* FROM `widgets` WHERE (`widgets`.gadget_id = 1 AND `widgets`.gadget_type = 'Webpage') AND (widget NOT IN (70,10) AND enabled IN (1,0)) ORDER BY position[0m
Rendered widgets/content_fields/_contact_form.html.haml (0.9ms)
Rendered widgets/_contact_form.html.haml (4.2ms)
  [1m[35mSubpage Load (0.3ms)[0m  SELECT `subpages`.* FROM `subpages` WHERE (`subpages`.`id` = 4) LIMIT 1
  [1m[36mCACHE (0.0ms)[0m  [1mSELECT `subpages`.* FROM `subpages` WHERE (`subpages`.`id` = 4) LIMIT 1[0m
  [1m[35mImage Load (0.3ms)[0m  SELECT `images`.* FROM `images` WHERE (`images`.attachable_id = 4 AND `images`.attachable_type = 'Subpage')
  [1m[36mCACHE (0.0ms)[0m  [1mSELECT `subpages`.* FROM `subpages` WHERE (`subpages`.`id` = 4) LIMIT 1[0m
  [1m[35mImage Load (0.3ms)[0m  SELECT `images`.* FROM `images` WHERE (`images`.attachable_id = 4 AND `images`.attachable_type = 'Subpage') AND (`images`.`enabled` = 1) ORDER BY position LIMIT 1
  [1m[36mCACHE (0.0ms)[0m  [1mSELECT `subpages`.* FROM `subpages` WHERE (`subpages`.`id` = 4) LIMIT 1[0m
  [1m[35mCACHE (0.0ms)[0m  SELECT `images`.* FROM `images` WHERE (`images`.attachable_id = 4 AND `images`.attachable_type = 'Subpage')
  [1m[36mCACHE (0.0ms)[0m  [1mSELECT `subpages`.* FROM `subpages` WHERE (`subpages`.`id` = 4) LIMIT 1[0m
Rendered widgets/_featured_page.html.haml (16.2ms)
Rendered widgets/_calculator.html.haml (1.3ms)
Rendered widgets/_edit_widget.html.haml (32.8ms)
Rendered widgets/_page_widgets.html.haml (37.5ms)
DEPRECATION WARNING: - style block helpers are deprecated. Please use =. (called from _app_views_layouts_editor_html_haml___234302683_86502660_0 at /var/www/vhosts/toq/httpdocs/app/views/layouts/editor.html.haml:9)
  [1m[35mSubpage Load (0.3ms)[0m  SELECT `subpages`.* FROM `subpages` WHERE (`subpages`.webpage_id = 1)
  [1m[36mSubpage Load (0.6ms)[0m  [1mSELECT `subpages`.* FROM `subpages` WHERE (`subpages`.webpage_id = 2)[0m
  [1m[35mSubpage Load (0.3ms)[0m  SELECT `subpages`.* FROM `subpages` WHERE (`subpages`.webpage_id = 3)
  [1m[36mSubpage Load (0.3ms)[0m  [1mSELECT `subpages`.* FROM `subpages` WHERE (`subpages`.webpage_id = 4)[0m
  [1m[35mSubpage Load (0.2ms)[0m  SELECT `subpages`.* FROM `subpages` WHERE (`subpages`.webpage_id = 5)
  [1m[36mSubpage Load (0.3ms)[0m  [1mSELECT `subpages`.* FROM `subpages` WHERE (`subpages`.webpage_id = 6)[0m
Rendered webpages/edit.html.haml within layouts/editor (226.5ms)
Completed 200 OK in 443ms (Views: 227.1ms | ActiveRecord: 52.0ms)


Started GET "/" for 127.0.0.1 at Sat May 07 18:16:07 -0400 2011
  Processing by WebpagesController#show as HTML
  [1m[35mWebpage Load (0.5ms)[0m  SELECT `webpages`.* FROM `webpages` WHERE (page_alias NOT IN ('about','contact') AND is_root != 1 AND enabled = 1)
  [1m[36mWebpage Load (0.3ms)[0m  [1mSELECT `webpages`.* FROM `webpages` WHERE (`webpages`.`is_root` = 1) LIMIT 1[0m
  [1m[35mSubpage Load (0.3ms)[0m  SELECT `subpages`.* FROM `subpages` WHERE (`subpages`.webpage_id = 1) LIMIT 0, 4
  [1m[36mWidget Load (0.3ms)[0m  [1mSELECT `widgets`.* FROM `widgets` WHERE (`widgets`.gadget_id = 1 AND `widgets`.gadget_type = 'Webpage') AND (widget NOT IN (70,10) AND enabled IN (1)) ORDER BY position LIMIT 3[0m
  [1m[35mImage Load (0.3ms)[0m  SELECT id FROM `images` WHERE (`images`.`attachable_type` = 'Webpage') AND (`images`.`enabled` = 1) AND (`images`.`attachable_id` = 1)
  [1m[36mImage Load (0.2ms)[0m  [1mSELECT `images`.* FROM `images` WHERE (`images`.attachable_id = 1 AND `images`.attachable_type = 'Webpage')[0m
  [1m[35mWidget Load (0.3ms)[0m  SELECT `widgets`.* FROM `widgets` WHERE (`widgets`.gadget_id = 1 AND `widgets`.gadget_type = 'Webpage') AND (`widgets`.`widget` = 10) AND (`widgets`.`enabled` = 1) LIMIT 1
  [1m[36mImage Load (0.4ms)[0m  [1mSELECT `images`.* FROM `images` WHERE (`images`.attachable_id = 1 AND `images`.attachable_type = 'Webpage') AND (`images`.`enabled` = 1) ORDER BY position[0m
Rendered images/_slideshow_image.html.haml (12.1ms)
Rendered widgets/_js_slideshow.html.haml (15.5ms)
DEPRECATION WARNING: - style block helpers are deprecated. Please use =. (called from _app_views_widgets__contact_form_html_haml___722368790_84955420_3172206 at /var/www/vhosts/toq/httpdocs/app/views/widgets/_contact_form.html.haml:3)
Rendered widgets/_contact_form.html.haml (104.5ms)
  [1m[35mSubpage Load (0.3ms)[0m  SELECT `subpages`.* FROM `subpages` WHERE (`subpages`.`id` = 4) LIMIT 1
  [1m[36mCACHE (0.0ms)[0m  [1mSELECT `subpages`.* FROM `subpages` WHERE (`subpages`.`id` = 4) LIMIT 1[0m
  [1m[35mImage Load (0.4ms)[0m  SELECT `images`.* FROM `images` WHERE (`images`.attachable_id = 4 AND `images`.attachable_type = 'Subpage')
  [1m[36mCACHE (0.0ms)[0m  [1mSELECT `subpages`.* FROM `subpages` WHERE (`subpages`.`id` = 4) LIMIT 1[0m
  [1m[35mImage Load (0.3ms)[0m  SELECT `images`.* FROM `images` WHERE (`images`.attachable_id = 4 AND `images`.attachable_type = 'Subpage') AND (`images`.`enabled` = 1) ORDER BY position LIMIT 1
  [1m[36mCACHE (0.0ms)[0m  [1mSELECT `subpages`.* FROM `subpages` WHERE (`subpages`.`id` = 4) LIMIT 1[0m
  [1m[35mCACHE (0.0ms)[0m  SELECT `images`.* FROM `images` WHERE (`images`.attachable_id = 4 AND `images`.attachable_type = 'Subpage')
  [1m[36mCACHE (0.0ms)[0m  [1mSELECT `subpages`.* FROM `subpages` WHERE (`subpages`.`id` = 4) LIMIT 1[0m
Rendered widgets/_featured_page.html.haml (17.8ms)
Rendered widgets/_calculator.html.haml (1.2ms)
Rendered webpages/home/_featured.html.haml (135.0ms)
Rendered templates/_home.html.haml (172.9ms)
Rendered layouts/_navigation.html.haml (2.2ms)
  [1m[35mSubpage Load (0.4ms)[0m  SELECT `subpages`.* FROM `subpages` WHERE (`subpages`.webpage_id = 3)
  [1m[36mSubpage Load (0.2ms)[0m  [1mSELECT `subpages`.* FROM `subpages` WHERE (`subpages`.webpage_id = 3) AND (`subpages`.`enabled` = 1)[0m
Rendered subpages/_subpage_li.html.haml (0.9ms)
  [1m[35mSubpage Load (0.3ms)[0m  SELECT `subpages`.* FROM `subpages` WHERE (`subpages`.webpage_id = 4)
  [1m[36mSubpage Load (0.2ms)[0m  [1mSELECT `subpages`.* FROM `subpages` WHERE (`subpages`.webpage_id = 4) AND (`subpages`.`enabled` = 1)[0m
Rendered subpages/_subpage_li.html.haml (0.9ms)
  [1m[35mSubpage Load (0.2ms)[0m  SELECT `subpages`.* FROM `subpages` WHERE (`subpages`.webpage_id = 6)
  [1m[36mSubpage Load (0.2ms)[0m  [1mSELECT `subpages`.* FROM `subpages` WHERE (`subpages`.webpage_id = 6) AND (`subpages`.`enabled` = 1)[0m
Rendered subpages/_subpage_li.html.haml (1.0ms)
Rendered shared/_website_sidebar.html.haml (14.1ms)
Rendered layouts/_navigation.html.haml (3.7ms)
Rendered webpages/show.html.haml within layouts/application (202.4ms)
Completed 200 OK in 247ms (Views: 201.8ms | ActiveRecord: 5.0ms)


Started POST "/widgets/13/order_widgets" for 127.0.0.1 at Sat May 07 18:16:18 -0400 2011
  Processing by WidgetsController#order_widgets as JS
  Parameters: {"id"=>"13", "sending"=>"3", "_"=>""}
  [1m[35mWidget Load (0.3ms)[0m  SELECT `widgets`.* FROM `widgets` WHERE (`widgets`.`id` = 13) LIMIT 1
  [1m[36mWebpage Load (0.3ms)[0m  [1mSELECT `webpages`.* FROM `webpages` WHERE (`webpages`.`id` = 1) LIMIT 1[0m
  [1m[35mWidget Load (0.3ms)[0m  SELECT `widgets`.* FROM `widgets` WHERE (`widgets`.gadget_id = 1 AND `widgets`.gadget_type = 'Webpage')
  [1m[36mSQL (0.1ms)[0m  [1mBEGIN[0m
  [1m[35mSQL (0.3ms)[0m  UPDATE `widgets` SET `position` = 3, `updated_at` = '2011-05-07 22:16:18' WHERE (`widgets`.`id` = 13)
  [1m[36mSQL (18.1ms)[0m  [1mCOMMIT[0m
  [1m[35mWebpage Load (0.3ms)[0m  SELECT `webpages`.* FROM `webpages` WHERE (`webpages`.`id` = 1) LIMIT 1
  [1m[36mWidget Load (1.6ms)[0m  [1mSELECT `widgets`.* FROM `widgets` WHERE (`widgets`.gadget_id = 1 AND `widgets`.gadget_type = 'Webpage') AND (widget NOT IN (70,10) AND enabled IN (1,0)) ORDER BY position[0m
  [1m[35mSubpage Load (0.3ms)[0m  SELECT `subpages`.* FROM `subpages` WHERE (`subpages`.`id` = 4) LIMIT 1
  [1m[36mCACHE (0.0ms)[0m  [1mSELECT `subpages`.* FROM `subpages` WHERE (`subpages`.`id` = 4) LIMIT 1[0m
  [1m[35mImage Load (0.4ms)[0m  SELECT `images`.* FROM `images` WHERE (`images`.attachable_id = 4 AND `images`.attachable_type = 'Subpage')
  [1m[36mCACHE (0.0ms)[0m  [1mSELECT `subpages`.* FROM `subpages` WHERE (`subpages`.`id` = 4) LIMIT 1[0m
  [1m[35mImage Load (0.3ms)[0m  SELECT `images`.* FROM `images` WHERE (`images`.attachable_id = 4 AND `images`.attachable_type = 'Subpage') AND (`images`.`enabled` = 1) ORDER BY position LIMIT 1
  [1m[36mCACHE (0.0ms)[0m  [1mSELECT `subpages`.* FROM `subpages` WHERE (`subpages`.`id` = 4) LIMIT 1[0m
  [1m[35mCACHE (0.0ms)[0m  SELECT `images`.* FROM `images` WHERE (`images`.attachable_id = 4 AND `images`.attachable_type = 'Subpage')
  [1m[36mCACHE (0.0ms)[0m  [1mSELECT `subpages`.* FROM `subpages` WHERE (`subpages`.`id` = 4) LIMIT 1[0m
Rendered widgets/_featured_page.html.haml (111.8ms)
Rendered widgets/_calculator.html.haml (1.0ms)
Rendered widgets/content_fields/_contact_form.html.haml (0.9ms)
Rendered widgets/_contact_form.html.haml (4.3ms)
Rendered widgets/_edit_widget.html.haml (126.3ms)
Rendered widgets/_page_widgets.html.haml (131.3ms)
Completed 200 OK in 191ms (Views: 130.4ms | ActiveRecord: 22.1ms)


Started GET "/" for 127.0.0.1 at Sat May 07 18:16:22 -0400 2011
  Processing by WebpagesController#show as HTML
  [1m[35mWebpage Load (0.9ms)[0m  SELECT `webpages`.* FROM `webpages` WHERE (page_alias NOT IN ('about','contact') AND is_root != 1 AND enabled = 1)
  [1m[36mWebpage Load (0.3ms)[0m  [1mSELECT `webpages`.* FROM `webpages` WHERE (`webpages`.`is_root` = 1) LIMIT 1[0m
  [1m[35mSubpage Load (0.5ms)[0m  SELECT `subpages`.* FROM `subpages` WHERE (`subpages`.webpage_id = 1) LIMIT 0, 4
  [1m[36mWidget Load (0.3ms)[0m  [1mSELECT `widgets`.* FROM `widgets` WHERE (`widgets`.gadget_id = 1 AND `widgets`.gadget_type = 'Webpage') AND (widget NOT IN (70,10) AND enabled IN (1)) ORDER BY position LIMIT 3[0m
  [1m[35mImage Load (0.3ms)[0m  SELECT id FROM `images` WHERE (`images`.`attachable_type` = 'Webpage') AND (`images`.`enabled` = 1) AND (`images`.`attachable_id` = 1)
  [1m[36mImage Load (1.5ms)[0m  [1mSELECT `images`.* FROM `images` WHERE (`images`.attachable_id = 1 AND `images`.attachable_type = 'Webpage')[0m
  [1m[35mWidget Load (0.3ms)[0m  SELECT `widgets`.* FROM `widgets` WHERE (`widgets`.gadget_id = 1 AND `widgets`.gadget_type = 'Webpage') AND (`widgets`.`widget` = 10) AND (`widgets`.`enabled` = 1) LIMIT 1
  [1m[36mImage Load (0.3ms)[0m  [1mSELECT `images`.* FROM `images` WHERE (`images`.attachable_id = 1 AND `images`.attachable_type = 'Webpage') AND (`images`.`enabled` = 1) ORDER BY position[0m
Rendered images/_slideshow_image.html.haml (11.5ms)
Rendered widgets/_js_slideshow.html.haml (15.2ms)
  [1m[35mSubpage Load (0.3ms)[0m  SELECT `subpages`.* FROM `subpages` WHERE (`subpages`.`id` = 4) LIMIT 1
  [1m[36mCACHE (0.0ms)[0m  [1mSELECT `subpages`.* FROM `subpages` WHERE (`subpages`.`id` = 4) LIMIT 1[0m
  [1m[35mImage Load (4.6ms)[0m  SELECT `images`.* FROM `images` WHERE (`images`.attachable_id = 4 AND `images`.attachable_type = 'Subpage')
  [1m[36mCACHE (0.0ms)[0m  [1mSELECT `subpages`.* FROM `subpages` WHERE (`subpages`.`id` = 4) LIMIT 1[0m
  [1m[35mImage Load (0.3ms)[0m  SELECT `images`.* FROM `images` WHERE (`images`.attachable_id = 4 AND `images`.attachable_type = 'Subpage') AND (`images`.`enabled` = 1) ORDER BY position LIMIT 1
  [1m[36mCACHE (0.0ms)[0m  [1mSELECT `subpages`.* FROM `subpages` WHERE (`subpages`.`id` = 4) LIMIT 1[0m
  [1m[35mCACHE (0.0ms)[0m  SELECT `images`.* FROM `images` WHERE (`images`.attachable_id = 4 AND `images`.attachable_type = 'Subpage')
  [1m[36mCACHE (0.0ms)[0m  [1mSELECT `subpages`.* FROM `subpages` WHERE (`subpages`.`id` = 4) LIMIT 1[0m
Rendered widgets/_featured_page.html.haml (104.7ms)
Rendered widgets/_calculator.html.haml (1.2ms)
DEPRECATION WARNING: - style block helpers are deprecated. Please use =. (called from _app_views_widgets__contact_form_html_haml___722368790_86694270_3172206 at /var/www/vhosts/toq/httpdocs/app/views/widgets/_contact_form.html.haml:3)
Rendered widgets/_contact_form.html.haml (7.2ms)
Rendered webpages/home/_featured.html.haml (123.9ms)
Rendered templates/_home.html.haml (160.5ms)
Rendered layouts/_navigation.html.haml (2.2ms)
  [1m[35mSubpage Load (0.3ms)[0m  SELECT `subpages`.* FROM `subpages` WHERE (`subpages`.webpage_id = 3)
  [1m[36mSubpage Load (0.2ms)[0m  [1mSELECT `subpages`.* FROM `subpages` WHERE (`subpages`.webpage_id = 3) AND (`subpages`.`enabled` = 1)[0m
Rendered subpages/_subpage_li.html.haml (0.9ms)
  [1m[35mSubpage Load (0.2ms)[0m  SELECT `subpages`.* FROM `subpages` WHERE (`subpages`.webpage_id = 4)
  [1m[36mSubpage Load (0.2ms)[0m  [1mSELECT `subpages`.* FROM `subpages` WHERE (`subpages`.webpage_id = 4) AND (`subpages`.`enabled` = 1)[0m
Rendered subpages/_subpage_li.html.haml (0.9ms)
  [1m[35mSubpage Load (0.3ms)[0m  SELECT `subpages`.* FROM `subpages` WHERE (`subpages`.webpage_id = 6)
  [1m[36mSubpage Load (0.3ms)[0m  [1mSELECT `subpages`.* FROM `subpages` WHERE (`subpages`.webpage_id = 6) AND (`subpages`.`enabled` = 1)[0m
Rendered subpages/_subpage_li.html.haml (1.0ms)
Rendered shared/_website_sidebar.html.haml (15.3ms)
Rendered layouts/_navigation.html.haml (2.2ms)
Rendered webpages/show.html.haml within layouts/application (189.1ms)
Completed 200 OK in 236ms (Views: 182.9ms | ActiveRecord: 11.3ms)
  [1m[36mSQL (0.6ms)[0m  [1mSHOW TABLES[0m
  [1m[35mSQL (0.5ms)[0m  SHOW TABLES
  [1m[36mSQL (0.6ms)[0m  [1mSELECT `schema_migrations`.`version` FROM `schema_migrations`[0m
Migrating to CreateWebpages (20110328222359)
Migrating to CreateSubpages (20110328222428)
Migrating to CreateUsers (20110328223724)
Migrating to CreateImages (20110328232023)
Migrating to CreateContacts (20110328232226)
Migrating to IsRoot (20110402031810)
Migrating to CreateWidgets (20110403190256)
Migrating to AddPreviewText (20110409161859)
Migrating to PageEnabled (20110410164321)
Migrating to UserRole (20110508033638)
  [1m[35mSQL (181.8ms)[0m  ALTER TABLE `users` ADD `role` int(11) DEFAULT 0 NOT NULL
  [1m[36mSQL (196.5ms)[0m  [1mdescribe `schema_migrations`[0m
  [1m[35mSQL (1.0ms)[0m  INSERT INTO `schema_migrations` (`version`) VALUES ('20110508033638')
  [1m[36mSQL (0.7ms)[0m  [1mSHOW TABLES[0m
  [1m[35mSQL (0.3ms)[0m  SELECT `schema_migrations`.`version` FROM `schema_migrations`
  [1m[36mSQL (0.5ms)[0m  [1mSHOW TABLES[0m
  [1m[35mSQL (1.9ms)[0m  describe `contacts`
  [1m[36mSQL (0.4ms)[0m  [1mSHOW KEYS FROM `contacts`[0m
  [1m[35mSQL (2.2ms)[0m  describe `images`
  [1m[36mSQL (0.8ms)[0m  [1mSHOW KEYS FROM `images`[0m
  [1m[35mSQL (2.1ms)[0m  describe `subpages`
  [1m[36mSQL (0.3ms)[0m  [1mSHOW KEYS FROM `subpages`[0m
  [1m[35mSQL (2.4ms)[0m  describe `users`
  [1m[36mSQL (0.8ms)[0m  [1mSHOW KEYS FROM `users`[0m
  [1m[35mSQL (2.2ms)[0m  describe `webpages`
  [1m[36mSQL (0.8ms)[0m  [1mSHOW KEYS FROM `webpages`[0m
  [1m[35mSQL (2.1ms)[0m  describe `widgets`
  [1m[36mSQL (0.8ms)[0m  [1mSHOW KEYS FROM `widgets`[0m
